<!DOCTYPE html PUBLIC "-//W3C//DTD XHTML 1.1//EN" "https://www.w3.org/TR/xhtml11/DTD/xhtml11.dtd">
<html xmlns="https://www.w3.org/1999/xhtml">
<head>
<meta http-equiv="content-type" content="text/html; charset=UTF-8"/>
<title>TestNG Report</title>
<style type="text/css">table {margin-bottom:10px;border-collapse:collapse;empty-cells:show}th,td {border:1px solid #009;padding:.25em .5em}th {vertical-align:bottom}td {vertical-align:top}table a {font-weight:bold}.stripe td {background-color: #E6EBF9}.num {text-align:right}.passedodd td {background-color: #3F3}.passedeven td {background-color: #0A0}.skippedodd td {background-color: #DDD}.skippedeven td {background-color: #CCC}.failedodd td,.attn {background-color: #F33}.failedeven td,.stripe .attn {background-color: #D00}.stacktrace {white-space:pre;font-family:monospace}.totop {font-size:85%;text-align:center;border-bottom:2px solid #000}.invisible {display:none}</style>
</head>
<body>
<table>
<tr><th>Test</th><th># Passed</th><th># Skipped</th><th># Retried</th><th># Failed</th><th>Time (ms)</th><th>Included Groups</th><th>Excluded Groups</th></tr>
<tr><th colspan="8">Loan Department</th></tr>
<tr><td><a href="#t0">Regression</a></td><td class="num">5</td><td class="num attn">1</td><td class="num">0</td><td class="num attn">3</td><td class="num">148</td><td></td><td>Smoke</td></tr>
</table>
<table id='summary'><thead><tr><th>Class</th><th>Method</th><th>Start</th><th>Time (ms)</th></tr></thead><tbody><tr><th colspan="4">Loan Department</th></tr></tbody><tbody id="t0"><tr><th colspan="4">Regression &#8212; failed</th></tr><tr class="failedeven"><td rowspan="1">test.day1</td><td><a href="#m0">Demo</a></td><td rowspan="1">1673962382061</td><td rowspan="1">13</td></tr><tr class="failedodd"><td rowspan="1">test.day3</td><td><a href="#m1">WebloginCarLoan</a></td><td rowspan="1">1673962382142</td><td rowspan="1">0</td></tr><tr class="failedeven"><td rowspan="1">test.day4</td><td><a href="#m2">WebloginHomeLoan</a></td><td rowspan="1">1673962382103</td><td rowspan="1">0</td></tr><tr><th colspan="4">Regression &#8212; skipped</th></tr><tr class="skippedeven"><td rowspan="1">test.day3</td><td><a href="#m3">APIcarLoan</a></td><td rowspan="1">1673962382148</td><td rowspan="1">0</td></tr><tr><th colspan="4">Regression &#8212; passed</th></tr><tr class="passedeven"><td rowspan="1">test.day1</td><td><a href="#m4">SecondTest</a></td><td rowspan="1">1673962382083</td><td rowspan="1">2</td></tr><tr class="passedodd"><td rowspan="3">test.day3</td><td><a href="#m5">MobilesignoutcarLoan</a></td><td rowspan="3">1673962382137</td><td rowspan="3">2</td></tr><tr class="passedodd"><td><a href="#m6">MobilesignoutcarLoan</a></td></tr><tr class="passedodd"><td><a href="#m7">MobilesignoutcarLoan</a></td></tr><tr class="passedeven"><td rowspan="1">test.day4</td><td><a href="#m8">LoginAPIHomeLoan</a></td><td rowspan="1">1673962382091</td><td rowspan="1">2</td></tr></tbody>
</table>
<h2>Regression</h2><h3 id="m0">test.day1#Demo</h3><table class="result"><tr><th>Exception</th></tr><tr><td><div class="stacktrace">java.lang.AssertionError: expected [true] but found [false]
	at test.day1.Demo(day1.java:22)
	at java.base/java.util.ArrayList.forEach(ArrayList.java:1511)
... Removed 29 stack frames</div></td></tr></table><p class="totop"><a href="#summary">back to summary</a></p>
<h3 id="m1">test.day3#WebloginCarLoan</h3><table class="result"><tr><th>Exception</th></tr><tr><td><div class="stacktrace">org.testng.TestNGException: 
Parameter &apos;URL&apos; is required by @Test on method WebloginCarLoan but has not been marked @Optional or defined
in C:\Users\gilla\OneDrive\Desktop\Selenium\Selenium material\TestNGTutorial\testng3.xml
	at java.base/java.util.ArrayList.forEach(ArrayList.java:1511)
... Removed 26 stack frames</div></td></tr></table><p class="totop"><a href="#summary">back to summary</a></p>
<h3 id="m2">test.day4#WebloginHomeLoan</h3><table class="result"><tr><th>Exception</th></tr><tr><td><div class="stacktrace">org.testng.TestNGException: 
Parameter &apos;URL&apos; is required by @Test on method WebloginHomeLoan but has not been marked @Optional or defined
in C:\Users\gilla\OneDrive\Desktop\Selenium\Selenium material\TestNGTutorial\testng3.xml
	at java.base/java.util.ArrayList.forEach(ArrayList.java:1511)
... Removed 26 stack frames</div></td></tr></table><p class="totop"><a href="#summary">back to summary</a></p>
<h3 id="m3">test.day3#APIcarLoan</h3><table class="result"><tr><th>Exception</th></tr><tr><td><div class="stacktrace">java.lang.Throwable: Method day3.APIcarLoan()[pri:0, instance:test.day3@31d7b7bf] depends on not successfully finished methods
	at java.base/java.util.ArrayList.forEach(ArrayList.java:1511)
... Removed 18 stack frames</div></td></tr></table><p class="totop"><a href="#summary">back to summary</a></p>
<h3 id="m4">test.day1#SecondTest</h3><table class="result"><tr><th class="invisible"/></tr></table><p class="totop"><a href="#summary">back to summary</a></p>
<h3 id="m5">test.day3#MobilesignoutcarLoan</h3><table class="result"><tr class="param"><th>Parameter #1</th><th>Parameter #2</th></tr><tr class="param stripe"><td>thirdsetusername</td><td>thirdpassword</td></tr></table><p class="totop"><a href="#summary">back to summary</a></p>
<h3 id="m6">test.day3#MobilesignoutcarLoan</h3><table class="result"><tr class="param"><th>Parameter #1</th><th>Parameter #2</th></tr><tr class="param stripe"><td>firstsetusername</td><td>firstpassword</td></tr></table><p class="totop"><a href="#summary">back to summary</a></p>
<h3 id="m7">test.day3#MobilesignoutcarLoan</h3><table class="result"><tr class="param"><th>Parameter #1</th><th>Parameter #2</th></tr><tr class="param stripe"><td>secondsetusername</td><td>secondpassword</td></tr></table><p class="totop"><a href="#summary">back to summary</a></p>
<h3 id="m8">test.day4#LoginAPIHomeLoan</h3><table class="result"><tr><th class="invisible"/></tr></table><p class="totop"><a href="#summary">back to summary</a></p>
</body>
</html>
