<?xml version="1.0" encoding="UTF-8"?>
<!-- Generated by org.testng.reporters.JUnitXMLReporter -->
<testsuite ignored="1" hostname="LAPTOP-7HTUGT1K" failures="3" tests="12" name="Personal loan" time="0.203" errors="0" timestamp="2023-01-17T08:32:51 EST">
  <testcase classname="test.day1" name="Demo" time="0.013">
    <failure type="java.lang.AssertionError" message="expected [true] but found [false]">
      <![CDATA[java.lang.AssertionError: expected [true] but found [false]
at test.day1.Demo(day1.java:22)
at java.base/java.util.ArrayList.forEach(ArrayList.java:1511)
... Removed 29 stack frames]]>
    </failure>
  </testcase> <!-- Demo -->
  <testcase classname="test.day1" name="SecondTest" time="0.009"/>
  <testcase classname="test.day2" name="ploan" time="0.002"/>
  <testcase classname="test.day3" name="MobileLogincarLoan" time="0.001"/>
  <testcase classname="test.day3" name="MobilesignoutcarLoan" time="0.01"/>
  <testcase classname="test.day3" name="MobilesignoutcarLoan" time="0.004"/>
  <testcase classname="test.day3" name="MobilesignoutcarLoan" time="0.004"/>
  <testcase classname="test.day3" name="WebloginCarLoan" time="0.0">
    <failure type="org.testng.TestNGException" message="
Parameter &amp;apos;URL&amp;apos; is required by @Test on method WebloginCarLoan but has not been marked @Optional or defined
in C:\Users\gilla\OneDrive\Desktop\Selenium\Selenium material\TestNGTutorial\testng2.xml">
      <![CDATA[org.testng.TestNGException: 
Parameter 'URL' is required by @Test on method WebloginCarLoan but has not been marked @Optional or defined
in C:\Users\gilla\OneDrive\Desktop\Selenium\Selenium material\TestNGTutorial\testng2.xml
at java.base/java.util.ArrayList.forEach(ArrayList.java:1511)
... Removed 26 stack frames]]>
    </failure>
  </testcase> <!-- WebloginCarLoan -->
  <testcase classname="test.day3" name="APIcarLoan" time="0.0">
    <skipped/>
  </testcase> <!-- APIcarLoan -->
  <testcase classname="test.day4" name="LoginAPIHomeLoan" time="0.002"/>
  <testcase classname="test.day4" name="MobileLoginHomeLoan" time="0.002"/>
  <testcase classname="test.day4" name="WebloginHomeLoan" time="0.0">
    <failure type="org.testng.TestNGException" message="
Parameter &amp;apos;URL&amp;apos; is required by @Test on method WebloginHomeLoan but has not been marked @Optional or defined
in C:\Users\gilla\OneDrive\Desktop\Selenium\Selenium material\TestNGTutorial\testng2.xml">
      <![CDATA[org.testng.TestNGException: 
Parameter 'URL' is required by @Test on method WebloginHomeLoan but has not been marked @Optional or defined
in C:\Users\gilla\OneDrive\Desktop\Selenium\Selenium material\TestNGTutorial\testng2.xml
at java.base/java.util.ArrayList.forEach(ArrayList.java:1511)
... Removed 26 stack frames]]>
    </failure>
  </testcase> <!-- WebloginHomeLoan -->
  <testcase classname="test.day3" name="MobilesignimcarLoan" time="0.0">
    <ignored/>
  </testcase> <!-- MobilesignimcarLoan -->
</testsuite> <!-- Personal loan -->
